TN:
SF:src\app.js
FN:53,(anonymous_0)
FNF:1
FNH:0
FNDA:0,(anonymous_0)
DA:1,1
DA:2,1
DA:3,1
DA:5,1
DA:8,1
DA:11,1
DA:14,1
DA:15,1
DA:17,1
DA:18,1
DA:20,1
DA:21,1
DA:23,1
DA:24,1
DA:26,1
DA:27,1
DA:29,1
DA:30,1
DA:32,1
DA:33,1
DA:35,1
DA:36,1
DA:38,1
DA:39,1
DA:41,1
DA:42,1
DA:44,1
DA:45,1
DA:47,1
DA:48,1
DA:51,1
DA:52,1
DA:53,0
DA:54,0
DA:58,1
LF:35
LH:33
BRDA:51,0,0,1
BRDA:51,0,1,1
BRDA:52,1,0,0
BRDA:52,1,1,1
BRF:4
BRH:3
end_of_record
TN:
SF:src\controllers\commentaireController.js
FN:4,(anonymous_0)
FN:23,(anonymous_1)
FNF:2
FNH:2
FNDA:1,(anonymous_0)
FNDA:1,(anonymous_1)
DA:1,2
DA:2,2
DA:4,2
DA:5,1
DA:6,1
DA:7,1
DA:16,1
DA:18,0
DA:19,0
DA:23,2
DA:24,1
DA:26,1
DA:27,0
DA:30,1
DA:32,1
DA:33,1
DA:34,0
DA:37,1
DA:47,1
DA:49,0
DA:50,0
LF:21
LH:15
BRDA:8,0,0,0
BRDA:8,0,1,1
BRDA:26,1,0,0
BRDA:26,1,1,1
BRDA:26,2,0,1
BRDA:26,2,1,1
BRDA:33,3,0,0
BRDA:33,3,1,1
BRDA:40,4,0,1
BRDA:40,4,1,0
BRDA:42,5,0,1
BRDA:42,5,1,0
BRDA:43,6,0,1
BRDA:43,6,1,0
BRF:14
BRH:8
end_of_record
TN:
SF:src\controllers\contratController.js
FN:6,uploadContrat
FNF:1
FNH:1
FNDA:8,uploadContrat
DA:1,2
DA:2,2
DA:3,2
DA:4,2
DA:7,8
DA:8,8
DA:9,8
DA:10,1
DA:12,7
DA:15,7
DA:16,2
DA:21,6
DA:28,5
DA:37,4
DA:39,2
DA:41,5
DA:42,5
DA:46,2
LF:18
LH:18
BRDA:9,0,0,1
BRDA:9,0,1,7
BRDA:15,1,0,2
BRDA:15,1,1,5
BRF:4
BRH:4
end_of_record
TN:
SF:src\controllers\demandeProprietaireController.js
FN:6,(anonymous_0)
FNF:1
FNH:1
FNDA:7,(anonymous_0)
DA:1,2
DA:2,2
DA:4,2
DA:6,2
DA:7,7
DA:9,7
DA:10,2
DA:15,5
DA:16,5
DA:17,2
DA:18,1
DA:20,4
DA:21,2
DA:23,2
DA:24,2
LF:15
LH:15
BRDA:9,0,0,2
BRDA:9,0,1,5
BRDA:9,1,0,7
BRDA:9,1,1,6
BRDA:20,2,0,2
BRDA:20,2,1,2
BRDA:20,3,0,4
BRDA:20,3,1,3
BRF:8
BRH:8
end_of_record
TN:
SF:src\controllers\messageController.js
FN:6,(anonymous_0)
FN:27,(anonymous_1)
FN:43,(anonymous_2)
FNF:3
FNH:3
FNDA:4,(anonymous_0)
FNDA:3,(anonymous_1)
FNDA:1,(anonymous_2)
DA:1,2
DA:6,2
DA:7,4
DA:8,4
DA:9,4
DA:10,1
DA:12,3
DA:13,3
DA:14,3
DA:16,3
DA:17,2
DA:19,1
DA:20,1
DA:27,2
DA:28,3
DA:29,3
DA:30,3
DA:32,3
DA:33,1
DA:35,2
DA:36,2
DA:43,2
DA:44,1
DA:45,1
DA:46,1
DA:48,1
DA:57,1
DA:59,0
DA:60,0
LF:29
LH:27
BRDA:9,0,0,1
BRDA:9,0,1,3
BRDA:12,1,0,3
BRDA:12,1,1,2
BRDA:13,2,0,3
BRDA:13,2,1,3
BRDA:14,3,0,3
BRDA:14,3,1,2
BRF:8
BRH:8
end_of_record
TN:
SF:src\controllers\recuController.js
FN:3,uploadRecuController
FNF:1
FNH:1
FNDA:5,uploadRecuController
DA:1,2
DA:4,5
DA:5,5
DA:6,5
DA:7,1
DA:8,4
DA:10,3
DA:11,1
DA:13,2
DA:14,2
DA:18,2
LF:11
LH:11
BRDA:6,0,0,1
BRDA:6,0,1,4
BRDA:8,1,0,1
BRDA:8,1,1,3
BRF:4
BRH:4
end_of_record
TN:
SF:src\controllers\reservationController.js
FN:7,(anonymous_0)
FN:27,(anonymous_1)
FNF:2
FNH:2
FNDA:3,(anonymous_0)
FNDA:3,(anonymous_1)
DA:2,2
DA:3,2
DA:5,2
DA:7,2
DA:8,3
DA:9,3
DA:11,3
DA:13,1
DA:15,2
DA:18,2
DA:20,2
DA:22,2
DA:27,2
DA:28,3
DA:30,3
DA:31,0
DA:34,3
DA:35,3
DA:48,2
DA:49,1
DA:52,1
DA:54,1
DA:55,1
DA:61,2
LF:24
LH:23
BRDA:18,0,0,2
BRDA:18,0,1,1
BRDA:20,1,0,2
BRDA:20,1,1,0
BRDA:30,2,0,0
BRDA:30,2,1,3
BRDA:48,3,0,1
BRDA:48,3,1,1
BRF:8
BRH:6
end_of_record
TN:
SF:src\controllers\utilisateurController.js
FN:11,createUtilisateur
FN:61,updateUtilisateur
FN:95,(anonymous_2)
FN:106,getAllUtilisateurs
FN:118,getUtilisateur
FNF:5
FNH:5
FNDA:7,createUtilisateur
FNDA:3,updateUtilisateur
FNDA:3,(anonymous_2)
FNDA:2,getAllUtilisateurs
FNDA:3,getUtilisateur
DA:1,2
DA:2,2
DA:9,2
DA:12,7
DA:13,7
DA:14,7
DA:15,7
DA:16,7
DA:19,7
DA:20,7
DA:21,1
DA:25,6
DA:28,6
DA:30,6
DA:31,1
DA:35,5
DA:37,2
DA:43,3
DA:44,2
DA:45,1
DA:47,1
DA:48,1
DA:52,0
DA:54,1
DA:55,1
DA:62,3
DA:63,3
DA:64,3
DA:65,3
DA:67,3
DA:69,1
DA:74,2
DA:75,1
DA:76,1
DA:78,0
DA:79,0
DA:83,0
DA:85,1
DA:86,1
DA:88,0
DA:89,0
DA:95,2
DA:96,3
DA:97,3
DA:98,3
DA:99,2
DA:101,1
DA:102,1
DA:107,2
DA:108,2
DA:109,1
DA:111,1
DA:112,1
DA:119,3
DA:120,3
DA:121,3
DA:123,2
DA:124,1
DA:127,1
DA:129,1
DA:130,1
DA:136,2
LF:62
LH:56
BRDA:15,0,0,7
BRDA:15,0,1,0
BRDA:20,1,0,1
BRDA:20,1,1,6
BRDA:30,2,0,1
BRDA:30,2,1,5
BRDA:43,3,0,2
BRDA:43,3,1,1
BRDA:44,4,0,1
BRDA:44,4,1,1
BRDA:44,5,0,2
BRDA:44,5,1,2
BRDA:47,6,0,1
BRDA:47,6,1,0
BRDA:47,7,0,1
BRDA:47,7,1,1
BRDA:74,8,0,1
BRDA:74,8,1,1
BRDA:75,9,0,1
BRDA:75,9,1,0
BRDA:78,10,0,0
BRDA:78,10,1,0
BRDA:85,11,0,1
BRDA:85,11,1,0
BRDA:123,12,0,1
BRDA:123,12,1,1
BRF:26
BRH:20
end_of_record
TN:
SF:src\middleware\authMiddleware.js
FN:5,authMiddleware
FNF:1
FNH:1
FNDA:3,authMiddleware
DA:2,2
DA:3,2
DA:6,3
DA:8,3
DA:9,1
DA:12,2
DA:14,2
DA:15,2
DA:16,1
DA:17,1
DA:19,1
DA:23,2
LF:12
LH:12
BRDA:8,0,0,1
BRDA:8,0,1,2
BRDA:8,1,0,3
BRDA:8,1,1,2
BRF:4
BRH:4
end_of_record
TN:
SF:src\middleware\handleValidation.js
FN:3,(anonymous_0)
FNF:1
FNH:0
FNDA:0,(anonymous_0)
DA:1,0
DA:3,0
DA:4,0
DA:5,0
DA:6,0
DA:8,0
DA:11,0
LF:7
LH:0
BRDA:5,0,0,0
BRDA:5,0,1,0
BRF:2
BRH:0
end_of_record
TN:
SF:src\middleware\upload.js
FN:12,(anonymous_0)
FN:15,(anonymous_1)
FNF:2
FNH:0
FNDA:0,(anonymous_0)
FNDA:0,(anonymous_1)
DA:1,1
DA:2,1
DA:3,1
DA:5,1
DA:7,1
DA:8,0
DA:11,1
DA:13,0
DA:17,0
DA:18,0
DA:22,1
DA:24,1
LF:12
LH:8
BRDA:7,0,0,0
BRDA:7,0,1,1
BRF:2
BRH:1
end_of_record
TN:
SF:src\routes\auth.js
FN:28,(anonymous_0)
FN:78,(anonymous_1)
FN:165,(anonymous_2)
FN:198,(anonymous_3)
FN:233,(anonymous_4)
FNF:5
FNH:4
FNDA:4,(anonymous_0)
FNDA:3,(anonymous_1)
FNDA:2,(anonymous_2)
FNDA:0,(anonymous_3)
FNDA:2,(anonymous_4)
DA:1,1
DA:2,1
DA:3,1
DA:4,1
DA:5,1
DA:6,1
DA:7,1
DA:8,1
DA:9,1
DA:10,1
DA:12,1
DA:13,1
DA:16,1
DA:18,1
DA:20,1
DA:21,1
DA:28,1
DA:29,4
DA:30,4
DA:33,4
DA:34,4
DA:35,2
DA:39,2
DA:42,2
DA:43,1
DA:47,1
DA:48,1
DA:51,1
DA:54,1
DA:65,1
DA:67,1
DA:71,0
DA:72,0
DA:78,1
DA:79,3
DA:81,3
DA:82,0
DA:86,3
DA:87,0
DA:90,3
DA:91,0
DA:96,3
DA:97,3
DA:98,3
DA:99,0
DA:101,3
DA:103,3
DA:104,0
DA:107,3
DA:122,3
DA:137,3
DA:140,3
DA:141,0
DA:149,3
DA:158,3
DA:160,0
DA:161,0
DA:165,1
DA:166,2
DA:168,2
DA:169,1
DA:172,1
DA:173,1
DA:174,0
DA:177,1
DA:181,1
DA:182,1
DA:184,1
DA:185,1
DA:191,1
DA:193,0
DA:194,0
DA:198,1
DA:199,0
DA:201,0
DA:202,0
DA:207,0
DA:208,0
DA:209,0
DA:211,0
DA:212,0
DA:213,0
DA:216,0
DA:218,0
DA:223,0
DA:225,0
DA:226,0
DA:228,0
DA:229,0
DA:233,1
DA:234,2
DA:235,2
DA:236,0
DA:238,2
DA:240,2
DA:243,2
DA:244,1
DA:246,1
DA:248,1
DA:252,1
DA:254,0
DA:255,0
DA:259,1
LF:103
LH:71
BRDA:34,0,0,2
BRDA:34,0,1,2
BRDA:42,1,0,1
BRDA:42,1,1,1
BRDA:48,2,0,1
BRDA:48,2,1,0
BRDA:81,3,0,0
BRDA:81,3,1,3
BRDA:81,4,0,3
BRDA:81,4,1,3
BRDA:86,5,0,0
BRDA:86,5,1,3
BRDA:86,6,0,3
BRDA:86,6,1,3
BRDA:90,7,0,0
BRDA:90,7,1,3
BRDA:98,8,0,0
BRDA:98,8,1,3
BRDA:103,9,0,0
BRDA:103,9,1,3
BRDA:140,10,0,0
BRDA:140,10,1,3
BRDA:168,11,0,1
BRDA:168,11,1,1
BRDA:168,12,0,2
BRDA:168,12,1,2
BRDA:168,12,2,2
BRDA:173,13,0,0
BRDA:173,13,1,1
BRDA:201,14,0,0
BRDA:201,14,1,0
BRDA:201,15,0,0
BRDA:201,15,1,0
BRDA:212,16,0,0
BRDA:212,16,1,0
BRDA:225,17,0,0
BRDA:225,17,1,0
BRDA:235,18,0,0
BRDA:235,18,1,2
BRDA:243,19,0,1
BRDA:243,19,1,1
BRF:41
BRH:24
end_of_record
TN:
SF:src\routes\bateauRoute.js
FN:7,generateSlug
FN:17,generateUniqueSlug
FN:30,(anonymous_2)
FN:86,(anonymous_3)
FN:101,(anonymous_4)
FN:124,(anonymous_5)
FN:147,(anonymous_6)
FN:218,(anonymous_7)
FN:245,(anonymous_8)
FNF:9
FNH:0
FNDA:0,generateSlug
FNDA:0,generateUniqueSlug
FNDA:0,(anonymous_2)
FNDA:0,(anonymous_3)
FNDA:0,(anonymous_4)
FNDA:0,(anonymous_5)
FNDA:0,(anonymous_6)
FNDA:0,(anonymous_7)
FNDA:0,(anonymous_8)
DA:1,1
DA:2,1
DA:3,1
DA:4,1
DA:8,0
DA:18,0
DA:19,0
DA:20,0
DA:22,0
DA:23,0
DA:26,0
DA:30,1
DA:31,0
DA:32,0
DA:33,0
DA:35,0
DA:78,0
DA:80,0
DA:81,0
DA:86,1
DA:87,0
DA:88,0
DA:91,0
DA:93,0
DA:94,0
DA:101,1
DA:102,0
DA:103,0
DA:112,0
DA:113,0
DA:116,0
DA:118,0
DA:119,0
DA:124,1
DA:125,0
DA:126,0
DA:135,0
DA:136,0
DA:139,0
DA:141,0
DA:142,0
DA:147,1
DA:148,0
DA:149,0
DA:151,0
DA:152,0
DA:157,0
DA:158,0
DA:161,0
DA:200,0
DA:206,0
DA:208,0
DA:209,0
DA:218,1
DA:219,0
DA:221,0
DA:223,0
DA:227,0
DA:228,0
DA:232,0
DA:235,0
DA:237,0
DA:239,0
DA:240,0
DA:245,1
DA:246,0
DA:248,0
DA:249,0
DA:254,0
DA:255,0
DA:258,0
DA:260,0
DA:261,0
DA:265,1
LF:74
LH:12
BRDA:40,0,0,0
BRDA:40,0,1,0
BRDA:41,1,0,0
BRDA:41,1,1,0
BRDA:43,2,0,0
BRDA:43,2,1,0
BRDA:48,3,0,0
BRDA:48,3,1,0
BRDA:49,4,0,0
BRDA:49,4,1,0
BRDA:50,5,0,0
BRDA:50,5,1,0
BRDA:51,6,0,0
BRDA:51,6,1,0
BRDA:52,7,0,0
BRDA:52,7,1,0
BRDA:53,8,0,0
BRDA:53,8,1,0
BRDA:54,9,0,0
BRDA:54,9,1,0
BRDA:55,10,0,0
BRDA:55,10,1,0
BRDA:56,11,0,0
BRDA:56,11,1,0
BRDA:57,12,0,0
BRDA:57,12,1,0
BRDA:58,13,0,0
BRDA:58,13,1,0
BRDA:59,14,0,0
BRDA:59,14,1,0
BRDA:61,15,0,0
BRDA:61,15,1,0
BRDA:62,16,0,0
BRDA:62,16,1,0
BRDA:63,17,0,0
BRDA:63,17,1,0
BRDA:64,18,0,0
BRDA:64,18,1,0
BRDA:65,19,0,0
BRDA:65,19,1,0
BRDA:66,20,0,0
BRDA:66,20,1,0
BRDA:67,21,0,0
BRDA:67,21,1,0
BRDA:69,22,0,0
BRDA:69,22,1,0
BRDA:70,23,0,0
BRDA:70,23,1,0
BRDA:71,24,0,0
BRDA:71,24,1,0
BRDA:72,25,0,0
BRDA:72,25,1,0
BRDA:112,26,0,0
BRDA:112,26,1,0
BRDA:135,27,0,0
BRDA:135,27,1,0
BRDA:157,28,0,0
BRDA:157,28,1,0
BRDA:168,29,0,0
BRDA:168,29,1,0
BRDA:170,30,0,0
BRDA:170,30,1,0
BRDA:171,31,0,0
BRDA:171,31,1,0
BRDA:172,32,0,0
BRDA:172,32,1,0
BRDA:173,33,0,0
BRDA:173,33,1,0
BRDA:174,34,0,0
BRDA:174,34,1,0
BRDA:175,35,0,0
BRDA:175,35,1,0
BRDA:176,36,0,0
BRDA:176,36,1,0
BRDA:177,37,0,0
BRDA:177,37,1,0
BRDA:178,38,0,0
BRDA:178,38,1,0
BRDA:179,39,0,0
BRDA:179,39,1,0
BRDA:180,40,0,0
BRDA:180,40,1,0
BRDA:181,41,0,0
BRDA:181,41,1,0
BRDA:182,42,0,0
BRDA:182,42,1,0
BRDA:184,43,0,0
BRDA:184,43,1,0
BRDA:185,44,0,0
BRDA:185,44,1,0
BRDA:186,45,0,0
BRDA:186,45,1,0
BRDA:187,46,0,0
BRDA:187,46,1,0
BRDA:188,47,0,0
BRDA:188,47,1,0
BRDA:189,48,0,0
BRDA:189,48,1,0
BRDA:190,49,0,0
BRDA:190,49,1,0
BRDA:192,50,0,0
BRDA:192,50,1,0
BRDA:193,51,0,0
BRDA:193,51,1,0
BRDA:194,52,0,0
BRDA:194,52,1,0
BRDA:195,53,0,0
BRDA:195,53,1,0
BRDA:227,54,0,0
BRDA:227,54,1,0
BRDA:254,55,0,0
BRDA:254,55,1,0
BRDA:254,56,0,0
BRDA:254,56,1,0
BRF:114
BRH:0
end_of_record
TN:
SF:src\routes\captcha.js
FN:6,(anonymous_0)
FNF:1
FNH:0
FNDA:0,(anonymous_0)
DA:2,1
DA:3,1
DA:4,1
DA:6,1
DA:7,0
DA:8,0
DA:10,0
DA:11,0
DA:22,0
DA:24,0
DA:28,1
LF:11
LH:5
BRDA:8,0,0,0
BRDA:8,0,1,0
BRF:2
BRH:0
end_of_record
TN:
SF:src\routes\commentaireRoutes.js
FNF:0
FNH:0
DA:1,1
DA:2,1
DA:3,1
DA:5,1
DA:6,1
DA:8,1
LF:6
LH:6
BRF:0
BRH:0
end_of_record
TN:
SF:src\routes\contrat.js
FNF:0
FNH:0
DA:1,1
DA:2,1
DA:3,1
DA:4,1
DA:5,1
DA:7,1
DA:9,1
LF:7
LH:7
BRF:0
BRH:0
end_of_record
TN:
SF:src\routes\demandeProprietaireRoutes.js
FN:7,(anonymous_0)
FNF:1
FNH:0
FNDA:0,(anonymous_0)
DA:1,1
DA:2,1
DA:3,1
DA:5,1
DA:7,1
DA:8,0
DA:11,0
DA:14,1
LF:8
LH:6
BRF:0
BRH:0
end_of_record
TN:
SF:src\routes\message.routes.js
FNF:0
FNH:0
DA:1,1
DA:6,1
DA:8,1
DA:11,1
DA:14,1
DA:17,1
DA:19,1
LF:7
LH:7
BRF:0
BRH:0
end_of_record
TN:
SF:src\routes\paiement.routes.js
FN:5,(anonymous_0)
FNF:1
FNH:0
FNDA:0,(anonymous_0)
DA:1,1
DA:2,1
DA:3,1
DA:5,1
DA:6,0
DA:7,0
DA:8,0
DA:10,0
DA:14,1
LF:9
LH:5
BRDA:10,0,0,0
BRDA:10,0,1,0
BRF:2
BRH:0
end_of_record
TN:
SF:src\routes\recuRoutes.js
FNF:0
FNH:0
DA:1,1
DA:2,1
DA:3,1
DA:4,1
DA:6,1
DA:8,1
DA:10,1
LF:7
LH:7
BRF:0
BRH:0
end_of_record
TN:
SF:src\routes\reservation.routes.js
FNF:0
FNH:0
DA:2,1
DA:6,1
DA:8,1
DA:9,1
DA:12,1
DA:14,1
LF:6
LH:6
BRF:0
BRH:0
end_of_record
TN:
SF:src\routes\uploadRoute.js
FN:19,(anonymous_0)
FN:38,(anonymous_1)
FN:52,(anonymous_2)
FN:133,(anonymous_3)
FN:148,(anonymous_4)
FN:161,(anonymous_5)
FN:162,(anonymous_6)
FNF:7
FNH:0
FNDA:0,(anonymous_0)
FNDA:0,(anonymous_1)
FNDA:0,(anonymous_2)
FNDA:0,(anonymous_3)
FNDA:0,(anonymous_4)
FNDA:0,(anonymous_5)
FNDA:0,(anonymous_6)
DA:1,1
DA:2,1
DA:3,1
DA:4,1
DA:5,1
DA:6,1
DA:7,1
DA:9,1
DA:11,1
DA:20,0
DA:21,0
DA:32,0
DA:34,0
DA:35,0
DA:38,0
DA:39,0
DA:44,0
DA:52,0
DA:53,0
DA:57,0
DA:69,0
DA:70,0
DA:74,0
DA:75,0
DA:76,0
DA:77,0
DA:78,0
DA:82,0
DA:83,0
DA:84,0
DA:88,0
DA:89,0
DA:90,0
DA:94,0
DA:95,0
DA:96,0
DA:97,0
DA:101,0
DA:115,0
DA:116,0
DA:125,1
DA:134,0
DA:140,0
DA:142,0
DA:144,0
DA:145,0
DA:148,0
DA:149,0
DA:153,0
DA:161,0
DA:162,0
DA:163,0
DA:165,0
DA:169,0
DA:180,0
DA:181,0
DA:185,0
DA:191,0
DA:194,0
DA:195,0
DA:196,0
DA:200,0
DA:201,0
DA:202,0
DA:206,0
DA:207,0
DA:208,0
DA:212,0
DA:213,0
DA:214,0
DA:215,0
DA:219,0
DA:225,0
DA:226,0
DA:235,1
LF:75
LH:11
BRDA:25,0,0,0
BRDA:26,1,0,0
BRDA:27,2,0,0
BRDA:28,3,0,0
BRDA:29,4,0,0
BRDA:30,5,0,0
BRDA:31,6,0,0
BRDA:35,7,0,0
BRDA:35,7,1,0
BRDA:39,8,0,0
BRDA:39,8,1,0
BRDA:39,9,0,0
BRDA:39,9,1,0
BRDA:45,10,0,0
BRDA:45,10,1,0
BRDA:46,11,0,0
BRDA:46,11,1,0
BRDA:47,12,0,0
BRDA:47,12,1,0
BRDA:48,13,0,0
BRDA:48,13,1,0
BRDA:63,14,0,0
BRDA:63,14,1,0
BRDA:76,15,0,0
BRDA:76,15,1,0
BRDA:94,16,0,0
BRDA:94,16,1,0
BRDA:136,17,0,0
BRDA:142,18,0,0
BRDA:142,18,1,0
BRDA:144,19,0,0
BRDA:144,19,1,0
BRDA:149,20,0,0
BRDA:149,20,1,0
BRDA:149,21,0,0
BRDA:149,21,1,0
BRDA:154,22,0,0
BRDA:154,22,1,0
BRDA:155,23,0,0
BRDA:155,23,1,0
BRDA:156,24,0,0
BRDA:156,24,1,0
BRDA:157,25,0,0
BRDA:157,25,1,0
BRDA:163,26,0,0
BRDA:163,26,1,0
BRDA:163,26,2,0
BRDA:174,27,0,0
BRDA:174,27,1,0
BRDA:212,28,0,0
BRDA:212,28,1,0
BRF:51
BRH:0
end_of_record
TN:
SF:src\routes\utilisateurRoute.js
FN:19,(anonymous_0)
FN:37,(anonymous_1)
FNF:2
FNH:0
FNDA:0,(anonymous_0)
FNDA:0,(anonymous_1)
DA:1,1
DA:2,1
DA:3,1
DA:4,1
DA:5,1
DA:12,1
DA:14,1
DA:16,1
DA:20,0
DA:21,0
DA:22,0
DA:24,0
DA:25,0
DA:30,0
DA:31,0
DA:37,1
DA:38,0
DA:40,0
DA:43,0
DA:54,0
DA:55,0
DA:58,0
DA:60,0
DA:61,0
DA:66,1
DA:69,1
DA:72,1
DA:75,1
DA:77,1
LF:29
LH:14
BRDA:21,0,0,0
BRDA:21,0,1,0
BRDA:21,1,0,0
BRDA:21,1,1,0
BRDA:24,2,0,0
BRDA:24,2,1,0
BRDA:54,3,0,0
BRDA:54,3,1,0
BRF:8
BRH:0
end_of_record
TN:
SF:src\services\cloudinaryUploadService.js
FN:5,(anonymous_0)
FNF:1
FNH:1
FNDA:5,(anonymous_0)
DA:2,1
DA:3,1
DA:5,1
DA:6,5
DA:7,5
DA:10,4
DA:11,3
DA:13,2
DA:14,2
DA:18,1
LF:10
LH:10
BRF:0
BRH:0
end_of_record
TN:
SF:src\services\demandeProprietaireService.js
FN:4,(anonymous_0)
FN:9,(anonymous_1)
FN:48,(anonymous_2)
FNF:3
FNH:1
FNDA:0,(anonymous_0)
FNDA:1,(anonymous_1)
FNDA:0,(anonymous_2)
DA:1,3
DA:2,3
DA:4,3
DA:5,0
DA:7,3
DA:9,3
DA:10,1
DA:11,1
DA:12,1
DA:15,1
DA:18,1
DA:19,0
DA:20,0
DA:21,0
DA:24,1
DA:31,1
DA:32,0
DA:33,0
DA:34,0
DA:35,0
DA:38,1
DA:48,3
DA:49,0
DA:50,0
DA:52,0
LF:25
LH:14
BRDA:18,0,0,0
BRDA:18,0,1,1
BRDA:31,1,0,0
BRDA:31,1,1,1
BRDA:50,2,0,0
BRDA:50,2,1,0
BRF:6
BRH:2
end_of_record
TN:
SF:src\services\messageService.js
FN:7,(anonymous_0)
FN:45,(anonymous_1)
FN:64,(anonymous_2)
FNF:3
FNH:3
FNDA:5,(anonymous_0)
FNDA:5,(anonymous_1)
FNDA:4,(anonymous_2)
DA:1,3
DA:2,3
DA:7,3
DA:13,5
DA:15,4
DA:16,4
DA:17,2
DA:18,2
DA:19,1
DA:21,1
DA:24,3
DA:45,3
DA:46,5
DA:48,3
DA:50,3
DA:51,2
DA:52,1
DA:55,1
DA:64,3
DA:72,4
DA:73,2
DA:75,2
LF:22
LH:22
BRDA:9,0,0,0
BRDA:10,1,0,4
BRDA:11,2,0,4
BRDA:13,3,0,1
BRDA:13,3,1,4
BRDA:16,4,0,2
BRDA:16,4,1,2
BRDA:18,5,0,1
BRDA:18,5,1,1
BRDA:46,6,0,2
BRDA:46,6,1,3
BRDA:46,7,0,5
BRDA:46,7,1,4
BRDA:50,8,0,1
BRDA:50,8,1,2
BRDA:51,9,0,1
BRDA:51,9,1,1
BRDA:72,10,0,2
BRDA:72,10,1,2
BRDA:72,11,0,4
BRDA:72,11,1,3
BRDA:79,12,0,2
BRDA:79,12,1,1
BRDA:80,13,0,2
BRDA:80,13,1,1
BRDA:82,14,0,2
BRDA:82,14,1,1
BRF:27
BRH:26
end_of_record
TN:
SF:src\services\paiementService.js
FN:9,createAppError
FN:15,(anonymous_1)
FN:52,(anonymous_2)
FNF:3
FNH:3
FNDA:3,createAppError
FNDA:7,(anonymous_1)
FNDA:3,(anonymous_2)
DA:6,2
DA:7,2
DA:10,3
DA:11,3
DA:12,3
DA:15,2
DA:23,7
DA:26,7
DA:34,7
DA:37,6
DA:40,6
DA:41,1
DA:47,5
DA:48,1
DA:52,4
DA:53,3
DA:65,3
DA:66,3
DA:72,3
DA:84,3
DA:87,3
DA:90,2
LF:22
LH:22
BRDA:9,0,0,0
BRDA:34,1,0,1
BRDA:34,1,1,6
BRDA:40,2,0,1
BRDA:40,2,1,5
BRDA:47,3,0,1
BRDA:47,3,1,4
BRDA:65,4,0,3
BRDA:65,4,1,0
BRF:9
BRH:7
end_of_record
TN:
SF:src\services\recuService.js
FN:6,uploadRecuService
FNF:1
FNH:1
FNDA:3,uploadRecuService
DA:1,3
DA:2,3
DA:3,3
DA:4,3
DA:8,3
DA:13,3
DA:14,3
DA:17,3
DA:25,2
DA:38,1
DA:39,1
DA:42,3
LF:12
LH:12
BRDA:13,0,0,0
BRDA:13,0,1,3
BRDA:14,1,0,0
BRDA:14,1,1,3
BRF:4
BRH:2
end_of_record
TN:
SF:src\services\reservationService.js
FN:5,createAppError
FN:11,formatDate
FN:20,(anonymous_2)
FNF:3
FNH:3
FNDA:2,createAppError
FNDA:8,formatDate
FNDA:6,(anonymous_2)
DA:2,3
DA:3,3
DA:6,2
DA:7,2
DA:8,2
DA:12,8
DA:13,8
DA:20,3
DA:22,6
DA:36,6
DA:37,1
DA:43,5
DA:70,5
DA:76,5
DA:77,1
DA:81,4
DA:83,4
DA:98,4
DA:101,3
LF:19
LH:19
BRDA:5,0,0,0
BRDA:36,1,0,1
BRDA:36,1,1,5
BRDA:49,2,0,5
BRDA:49,2,1,4
BRDA:50,3,0,5
BRDA:50,3,1,4
BRDA:51,4,0,5
BRDA:51,4,1,4
BRDA:52,5,0,1
BRDA:52,5,1,4
BRDA:55,6,0,1
BRDA:55,6,1,4
BRDA:58,7,0,1
BRDA:58,7,1,4
BRDA:61,8,0,1
BRDA:61,8,1,4
BRDA:64,9,0,5
BRDA:64,9,1,4
BRDA:76,10,0,1
BRDA:76,10,1,4
BRDA:81,11,0,4
BRDA:81,11,1,1
BRF:23
BRH:22
end_of_record
TN:
SF:src\services\utilisateurService.js
FN:12,createUserWithPhoto
FN:65,updateUserWithPhoto
FN:128,deleteUserById
FN:154,(anonymous_3)
FN:194,getAllUtilisateur
FN:206,(anonymous_5)
FN:227,getUtilisateurById
FNF:7
FNH:5
FNDA:4,createUserWithPhoto
FNDA:2,updateUserWithPhoto
FNDA:3,deleteUserById
FNDA:0,(anonymous_3)
FNDA:1,getAllUtilisateur
FNDA:2,(anonymous_5)
FNDA:0,getUtilisateurById
DA:1,3
DA:4,3
DA:5,3
DA:7,3
DA:8,3
DA:10,3
DA:11,3
DA:13,4
DA:14,4
DA:15,3
DA:16,2
DA:19,1
DA:20,1
DA:22,1
DA:26,1
DA:47,1
DA:48,0
DA:55,1
DA:57,1
DA:58,1
DA:60,0
DA:61,0
DA:66,2
DA:67,2
DA:71,2
DA:72,0
DA:76,2
DA:77,1
DA:78,1
DA:81,2
DA:82,0
DA:83,0
DA:85,0
DA:86,0
DA:88,0
DA:93,0
DA:94,0
DA:97,0
DA:99,0
DA:100,0
DA:104,0
DA:112,2
DA:125,1
DA:130,3
DA:134,3
DA:135,0
DA:139,3
DA:141,0
DA:145,0
DA:147,0
DA:154,0
DA:156,0
DA:158,0
DA:165,0
DA:173,0
DA:182,3
DA:183,3
DA:184,3
DA:188,3
DA:195,1
DA:196,1
DA:206,2
DA:219,1
DA:221,0
DA:222,0
DA:228,0
DA:233,3
LF:67
LH:40
BRDA:14,0,0,3
BRDA:14,0,1,1
BRDA:33,1,0,1
BRDA:33,1,1,1
BRDA:34,2,0,1
BRDA:34,2,1,1
BRDA:47,3,0,0
BRDA:47,3,1,1
BRDA:47,4,0,1
BRDA:47,4,1,1
BRDA:71,5,0,0
BRDA:71,5,1,2
BRDA:76,6,0,1
BRDA:76,6,1,1
BRDA:81,7,0,0
BRDA:81,7,1,2
BRDA:82,8,0,0
BRDA:82,8,1,0
BRDA:120,9,0,2
BRDA:120,9,1,1
BRDA:121,10,0,2
BRDA:121,10,1,0
BRDA:134,11,0,0
BRDA:134,11,1,3
BRDA:139,12,0,0
BRDA:139,12,1,3
BRDA:145,13,0,0
BRDA:145,13,1,0
BRDA:156,14,0,0
BRDA:156,14,1,0
BRDA:182,15,0,3
BRDA:182,15,1,0
BRDA:215,16,0,2
BRDA:215,16,1,1
BRF:34
BRH:21
end_of_record
TN:
SF:src\utils\cloudinaryConfig.js
FN:10,getPublicIdFromUrl
FNF:1
FNH:1
FNDA:11,getPublicIdFromUrl
DA:1,5
DA:3,5
DA:11,11
DA:12,9
DA:13,9
DA:14,9
DA:15,9
DA:17,5
LF:8
LH:8
BRF:0
BRH:0
end_of_record
TN:
SF:src\utils\emailTemplate.js
FN:2,resetPasswordTemplate
FNF:1
FNH:1
FNDA:1,resetPasswordTemplate
DA:3,1
DA:62,1
LF:2
LH:2
BRF:0
BRH:0
end_of_record
TN:
SF:src\utils\hashPassword.js
FN:4,hashPassword
FN:10,comparePassword
FNF:2
FNH:2
FNDA:3,hashPassword
FNDA:2,comparePassword
DA:1,1
DA:5,3
DA:6,3
DA:11,2
DA:14,1
LF:5
LH:5
BRF:0
BRH:0
end_of_record
TN:
SF:src\utils\mailer.js
FN:19,sendMail
FNF:1
FNH:1
FNDA:1,sendMail
DA:2,1
DA:5,1
DA:20,1
DA:28,1
LF:4
LH:4
BRF:0
BRH:0
end_of_record
TN:
SF:src\validation\authValidation.js
FN:6,hasNoDangerousChars
FN:10,validateRegisterInput
FN:29,isSafeInput
FNF:3
FNH:3
FNDA:22,hasNoDangerousChars
FNDA:9,validateRegisterInput
FNDA:10,isSafeInput
DA:1,2
DA:2,2
DA:3,2
DA:4,2
DA:7,22
DA:11,9
DA:12,1
DA:14,8
DA:15,1
DA:17,7
DA:18,0
DA:20,7
DA:21,2
DA:23,5
DA:24,2
DA:26,3
DA:30,10
DA:31,10
DA:34,2
LF:19
LH:18
BRDA:7,0,0,22
BRDA:7,0,1,22
BRDA:11,1,0,1
BRDA:11,1,1,8
BRDA:11,2,0,9
BRDA:11,2,1,9
BRDA:11,2,2,9
BRDA:11,2,3,8
BRDA:14,3,0,1
BRDA:14,3,1,7
BRDA:14,4,0,8
BRDA:14,4,1,8
BRDA:17,5,0,0
BRDA:17,5,1,7
BRDA:17,6,0,7
BRDA:17,6,1,7
BRDA:20,7,0,2
BRDA:20,7,1,5
BRDA:20,8,0,7
BRDA:20,8,1,7
BRDA:23,9,0,2
BRDA:23,9,1,3
BRF:22
BRH:21
end_of_record
TN:
SF:src\validation\utilisateurValidation.js
FN:10,hasNoDangerousChars
FN:15,validateUtilisateurInput
FNF:2
FNH:0
FNDA:0,hasNoDangerousChars
FNDA:0,validateUtilisateurInput
DA:4,2
DA:5,2
DA:6,2
DA:7,2
DA:8,2
DA:11,0
DA:16,0
DA:17,0
DA:19,0
DA:20,0
DA:22,0
DA:23,0
DA:25,0
DA:26,0
DA:28,0
DA:29,0
DA:32,0
DA:33,0
DA:36,0
DA:39,2
LF:20
LH:6
BRDA:11,0,0,0
BRDA:11,0,1,0
BRDA:16,1,0,0
BRDA:16,1,1,0
BRDA:16,2,0,0
BRDA:16,2,1,0
BRDA:16,2,2,0
BRDA:16,2,3,0
BRDA:19,3,0,0
BRDA:19,3,1,0
BRDA:19,4,0,0
BRDA:19,4,1,0
BRDA:22,5,0,0
BRDA:22,5,1,0
BRDA:22,6,0,0
BRDA:22,6,1,0
BRDA:25,7,0,0
BRDA:25,7,1,0
BRDA:25,8,0,0
BRDA:25,8,1,0
BRDA:28,9,0,0
BRDA:28,9,1,0
BRDA:32,10,0,0
BRDA:32,10,1,0
BRDA:32,11,0,0
BRDA:32,11,1,0
BRDA:32,11,2,0
BRF:27
BRH:0
end_of_record
